* Starting client
* Connecting to master process on port 14326
* Analyzing classpath: 
  - C:/Users/Steven Nguyen/Thesis/Thesis/out/production/Thesis
  - C:\Program Files\Java\jdk1.8.0_301\jre\lib\charsets.jar
  - C:\Program Files\Java\jdk1.8.0_301\jre\lib\deploy.jar
  - C:\Program Files\Java\jdk1.8.0_301\jre\lib\ext\access-bridge-64.jar
  - C:\Program Files\Java\jdk1.8.0_301\jre\lib\ext\cldrdata.jar
  - C:\Program Files\Java\jdk1.8.0_301\jre\lib\ext\dnsns.jar
  - C:\Program Files\Java\jdk1.8.0_301\jre\lib\ext\jaccess.jar
  - C:\Program Files\Java\jdk1.8.0_301\jre\lib\ext\jfxrt.jar
  - C:\Program Files\Java\jdk1.8.0_301\jre\lib\ext\localedata.jar
  - C:\Program Files\Java\jdk1.8.0_301\jre\lib\ext\nashorn.jar
  - C:\Program Files\Java\jdk1.8.0_301\jre\lib\ext\sunec.jar
  - C:\Program Files\Java\jdk1.8.0_301\jre\lib\ext\sunjce_provider.jar
  - C:\Program Files\Java\jdk1.8.0_301\jre\lib\ext\sunmscapi.jar
  - C:\Program Files\Java\jdk1.8.0_301\jre\lib\ext\sunpkcs11.jar
  - C:\Program Files\Java\jdk1.8.0_301\jre\lib\ext\zipfs.jar
  - C:\Program Files\Java\jdk1.8.0_301\jre\lib\javaws.jar
  - C:\Program Files\Java\jdk1.8.0_301\jre\lib\jce.jar
  - C:\Program Files\Java\jdk1.8.0_301\jre\lib\jfr.jar
  - C:\Program Files\Java\jdk1.8.0_301\jre\lib\jfxswt.jar
  - C:\Program Files\Java\jdk1.8.0_301\jre\lib\jsse.jar
  - C:\Program Files\Java\jdk1.8.0_301\jre\lib\management-agent.jar
  - C:\Program Files\Java\jdk1.8.0_301\jre\lib\plugin.jar
  - C:\Program Files\Java\jdk1.8.0_301\jre\lib\resources.jar
  - C:\Program Files\Java\jdk1.8.0_301\jre\lib\rt.jar
  - C:\Users\Steven Nguyen\Thesis\Thesis\out\production\Thesis
* Finished analyzing classpath
* Generating tests for class Main
* Test criteria:
  - Line Coverage
  - Branch Coverage
  - Exception
  - Mutation testing (weak)
  - Method-Output Coverage
  - Top-Level Method Coverage
  - No-Exception Top-Level Method Coverage
  - Context Branch Coverage
* Setting up search algorithm for whole suite generation
* Loaded 1 tests from C:\Users\Steven Nguyen\Thesis\Thesis\.evosuite\evosuite-seeds\Main.seed
* Total number of test goals: 
  - Line 5
  - Branch 3
  - Exception 0
  - MutationFactory 18
  - Output 0
  - Method 2
  - MethodNoException 2
  - CBranchFitnessFactory 3
* Using seed 1714244399127
* Starting evolution
* Search finished after 1s and 0 generations, 5905 statements, best individual has fitness: 1.0
* Writing sequences to pool
* Minimizing test suite
* Going to analyze the coverage criteria
* Coverage analysis for criterion LINE
* Coverage of criterion LINE: 100%
* Total number of goals: 5
* Number of covered goals: 5
* Coverage analysis for criterion BRANCH
* Coverage of criterion BRANCH: 100%
* Total number of goals: 3
* Number of covered goals: 3
* Coverage analysis for criterion EXCEPTION
* Coverage of criterion EXCEPTION: 100% (no goals)
* Coverage analysis for criterion WEAKMUTATION
* Coverage of criterion WEAKMUTATION: 100%
* Total number of goals: 18
* Number of covered goals: 18
* Coverage analysis for criterion OUTPUT
* Coverage of criterion OUTPUT: 100% (no goals)
* Coverage analysis for criterion METHOD
* Coverage of criterion METHOD: 100%
* Total number of goals: 2
* Number of covered goals: 2
* Coverage analysis for criterion METHODNOEXCEPTION
* Coverage of criterion METHODNOEXCEPTION: 100%
* Total number of goals: 2
* Number of covered goals: 2
* Coverage analysis for criterion CBRANCH
* Coverage of criterion CBRANCH: 100%
* Total number of goals: 3
* Number of covered goals: 3
* Generated 2 tests with total length 2
* Resulting test suite's coverage: 100% (average coverage for all fitness functions)
* Generating assertions
* Resulting test suite's mutation score: 22%
* Compiling and checking tests
* Writing JUnit test case 'Main_ESTest' to C:\Users\Steven Nguyen\Thesis\Thesis\.evosuite\tmp_2024_04_27_11_59_54\tests
* Done!

